<?xml version="1.0" encoding="UTF-8"?>
<testsuite name="org.codex.HelloWorld" tests="1" skipped="0" failures="0" errors="0" timestamp="2017-11-01T01:10:32" hostname="ghtakui-MacBook-Pro.local" time="0.001">
  <properties/>
  <testcase name="test0" classname="org.codex.HelloWorld" time="0.001"/>
  <system-out><![CDATA[]]></system-out>
  <system-err><![CDATA[]]></system-err>
</testsuite>
