<?xml version="1.0" encoding="UTF-8"?>
<testsuite name="org.codex.HelloTest" tests="2" skipped="0" failures="0" errors="0" timestamp="2017-11-01T01:14:40" hostname="ghtakui-MacBook-Pro.local" time="0.002">
  <properties/>
  <testcase name="nullExcpetion" classname="org.codex.HelloTest" time="0.001"/>
  <testcase name="requireNonNull" classname="org.codex.HelloTest" time="0.0"/>
  <system-out><![CDATA[]]></system-out>
  <system-err><![CDATA[]]></system-err>
</testsuite>
